{"/Users/ma/Desktop/emad/Paacks/Paack/App.js": {"path":"/Users/ma/Desktop/emad/Paacks/Paack/App.js","statementMap":{"0":{"start":{"line":12,"column":25},"end":{"line":12,"column":48}},"1":{"start":{"line":15,"column":12},"end":{"line":36,"column":1}},"2":{"start":{"line":17,"column":22},"end":{"line":23,"column":3}},"3":{"start":{"line":18,"column":4},"end":{"line":22,"column":11}},"4":{"start":{"line":26,"column":2},"end":{"line":35,"column":4}},"5":{"start":{"line":40,"column":15},"end":{"line":44,"column":2}}},"fnMap":{"0":{"name":"(anonymous_0)","decl":{"start":{"line":15,"column":12},"end":{"line":15,"column":13}},"loc":{"start":{"line":15,"column":18},"end":{"line":36,"column":1}},"line":15},"1":{"name":"(anonymous_1)","decl":{"start":{"line":17,"column":22},"end":{"line":17,"column":23}},"loc":{"start":{"line":18,"column":4},"end":{"line":22,"column":11}},"line":18}},"branchMap":{},"s":{"0":1,"1":1,"2":1,"3":1,"4":1,"5":1},"f":{"0":1,"1":1},"b":{},"_coverageSchema":"1a1c01bbd47fc00a2c39e90264f33305004495a9","hash":"2e3235bd91b20feff0776f25bc33f8a9c8de5c28"}
,"/Users/ma/Desktop/emad/Paacks/Paack/src/config.js": {"path":"/Users/ma/Desktop/emad/Paacks/Paack/src/config.js","statementMap":{"0":{"start":{"line":5,"column":21},"end":{"line":5,"column":22}},"1":{"start":{"line":6,"column":16},"end":{"line":6,"column":18}},"2":{"start":{"line":8,"column":16},"end":{"line":18,"column":1}},"3":{"start":{"line":10,"column":2},"end":{"line":16,"column":3}},"4":{"start":{"line":12,"column":6},"end":{"line":12,"column":64}},"5":{"start":{"line":13,"column":6},"end":{"line":13,"column":12}},"6":{"start":{"line":15,"column":6},"end":{"line":15,"column":12}},"7":{"start":{"line":17,"column":2},"end":{"line":17,"column":28}}},"fnMap":{"0":{"name":"(anonymous_0)","decl":{"start":{"line":8,"column":16},"end":{"line":8,"column":17}},"loc":{"start":{"line":8,"column":42},"end":{"line":18,"column":1}},"line":8}},"branchMap":{"0":{"loc":{"start":{"line":8,"column":17},"end":{"line":8,"column":37}},"type":"default-arg","locations":[{"start":{"line":8,"column":25},"end":{"line":8,"column":37}}],"line":8},"1":{"loc":{"start":{"line":10,"column":2},"end":{"line":16,"column":3}},"type":"switch","locations":[{"start":{"line":11,"column":4},"end":{"line":13,"column":12}},{"start":{"line":14,"column":4},"end":{"line":15,"column":12}}],"line":10}},"s":{"0":2,"1":2,"2":2,"3":4,"4":4,"5":4,"6":0,"7":4},"f":{"0":4},"b":{"0":[4],"1":[4,0]},"_coverageSchema":"1a1c01bbd47fc00a2c39e90264f33305004495a9","hash":"3ac322f316105bb75a19e47de409b23e0b3caacf"}
,"/Users/ma/Desktop/emad/Paacks/Paack/src/components/common/index.js": {"path":"/Users/ma/Desktop/emad/Paacks/Paack/src/components/common/index.js","statementMap":{},"fnMap":{},"branchMap":{},"s":{},"f":{},"b":{},"_coverageSchema":"1a1c01bbd47fc00a2c39e90264f33305004495a9","hash":"c9888c03304500d9c19201bbf2bdbaa7bf4c74f7"}
,"/Users/ma/Desktop/emad/Paacks/Paack/src/components/common/PaackBackbtn/index.js": {"path":"/Users/ma/Desktop/emad/Paacks/Paack/src/components/common/PaackBackbtn/index.js","statementMap":{"0":{"start":{"line":11,"column":21},"end":{"line":29,"column":1}},"1":{"start":{"line":12,"column":23},"end":{"line":12,"column":38}},"2":{"start":{"line":18,"column":20},"end":{"line":20,"column":5}},"3":{"start":{"line":19,"column":8},"end":{"line":19,"column":27}},"4":{"start":{"line":22,"column":4},"end":{"line":28,"column":5}},"5":{"start":{"line":33,"column":0},"end":{"line":38,"column":1}}},"fnMap":{"0":{"name":"(anonymous_0)","decl":{"start":{"line":11,"column":21},"end":{"line":11,"column":22}},"loc":{"start":{"line":11,"column":33},"end":{"line":29,"column":1}},"line":11},"1":{"name":"(anonymous_1)","decl":{"start":{"line":18,"column":20},"end":{"line":18,"column":21}},"loc":{"start":{"line":18,"column":25},"end":{"line":20,"column":5}},"line":18}},"branchMap":{},"s":{"0":7,"1":2,"2":2,"3":0,"4":2,"5":7},"f":{"0":2,"1":0},"b":{},"_coverageSchema":"1a1c01bbd47fc00a2c39e90264f33305004495a9","hash":"674f31ff5cf2586ccd87a8685c0a471f8dc6dff4"}
,"/Users/ma/Desktop/emad/Paacks/Paack/src/components/common/PaackBackbtn/style.js": {"path":"/Users/ma/Desktop/emad/Paacks/Paack/src/components/common/PaackBackbtn/style.js","statementMap":{"0":{"start":{"line":5,"column":22},"end":{"line":16,"column":1}}},"fnMap":{},"branchMap":{},"s":{"0":7},"f":{},"b":{},"_coverageSchema":"1a1c01bbd47fc00a2c39e90264f33305004495a9","hash":"87154455d1d56f701e0887b93dc9c8e97ddfbc81"}
,"/Users/ma/Desktop/emad/Paacks/Paack/src/components/common/PaackButton/index.js": {"path":"/Users/ma/Desktop/emad/Paacks/Paack/src/components/common/PaackButton/index.js","statementMap":{"0":{"start":{"line":6,"column":20},"end":{"line":28,"column":1}},"1":{"start":{"line":15,"column":4},"end":{"line":27,"column":6}},"2":{"start":{"line":32,"column":0},"end":{"line":64,"column":1}}},"fnMap":{"0":{"name":"(anonymous_0)","decl":{"start":{"line":6,"column":20},"end":{"line":6,"column":21}},"loc":{"start":{"line":14,"column":6},"end":{"line":28,"column":1}},"line":14}},"branchMap":{},"s":{"0":7,"1":2,"2":7},"f":{"0":2},"b":{},"_coverageSchema":"1a1c01bbd47fc00a2c39e90264f33305004495a9","hash":"8ca649f777f07bdde929086ab2f62d946efd97a9"}
,"/Users/ma/Desktop/emad/Paacks/Paack/src/components/common/PaackDeliveryDetailCard/index.js": {"path":"/Users/ma/Desktop/emad/Paacks/Paack/src/components/common/PaackDeliveryDetailCard/index.js","statementMap":{"0":{"start":{"line":7,"column":32},"end":{"line":31,"column":1}},"1":{"start":{"line":10,"column":29},"end":{"line":10,"column":34}},"2":{"start":{"line":12,"column":4},"end":{"line":30,"column":5}},"3":{"start":{"line":35,"column":0},"end":{"line":41,"column":1}}},"fnMap":{"0":{"name":"(anonymous_0)","decl":{"start":{"line":7,"column":32},"end":{"line":7,"column":33}},"loc":{"start":{"line":7,"column":43},"end":{"line":31,"column":1}},"line":7}},"branchMap":{},"s":{"0":6,"1":2,"2":1,"3":6},"f":{"0":2},"b":{},"_coverageSchema":"1a1c01bbd47fc00a2c39e90264f33305004495a9","hash":"b418134bb99c3427a501c82f473e27bfa9de0eb7"}
,"/Users/ma/Desktop/emad/Paacks/Paack/src/components/common/PaackDeliveryDetailCard/style.js": {"path":"/Users/ma/Desktop/emad/Paacks/Paack/src/components/common/PaackDeliveryDetailCard/style.js","statementMap":{"0":{"start":{"line":5,"column":22},"end":{"line":52,"column":1}}},"fnMap":{},"branchMap":{},"s":{"0":6},"f":{},"b":{},"_coverageSchema":"1a1c01bbd47fc00a2c39e90264f33305004495a9","hash":"fbbb1726f1299c2e591f36fef0b7daa8415a8195"}
,"/Users/ma/Desktop/emad/Paacks/Paack/src/components/common/PaackDeliveryItem/index.js": {"path":"/Users/ma/Desktop/emad/Paacks/Paack/src/components/common/PaackDeliveryItem/index.js","statementMap":{"0":{"start":{"line":11,"column":26},"end":{"line":38,"column":1}},"1":{"start":{"line":12,"column":21},"end":{"line":12,"column":26}},"2":{"start":{"line":13,"column":23},"end":{"line":13,"column":38}},"3":{"start":{"line":19,"column":33},"end":{"line":21,"column":5}},"4":{"start":{"line":20,"column":8},"end":{"line":20,"column":70}},"5":{"start":{"line":23,"column":4},"end":{"line":36,"column":5}},"6":{"start":{"line":42,"column":0},"end":{"line":47,"column":1}}},"fnMap":{"0":{"name":"(anonymous_0)","decl":{"start":{"line":11,"column":26},"end":{"line":11,"column":27}},"loc":{"start":{"line":11,"column":37},"end":{"line":38,"column":1}},"line":11},"1":{"name":"(anonymous_1)","decl":{"start":{"line":19,"column":33},"end":{"line":19,"column":34}},"loc":{"start":{"line":19,"column":39},"end":{"line":21,"column":5}},"line":19}},"branchMap":{"0":{"loc":{"start":{"line":24,"column":142},"end":{"line":24,"column":185}},"type":"cond-expr","locations":[{"start":{"line":24,"column":160},"end":{"line":24,"column":176}},{"start":{"line":24,"column":179},"end":{"line":24,"column":185}}],"line":24}},"s":{"0":6,"1":1,"2":1,"3":1,"4":0,"5":1,"6":6},"f":{"0":1,"1":0},"b":{"0":[1,0]},"_coverageSchema":"1a1c01bbd47fc00a2c39e90264f33305004495a9","hash":"8ebeee3071e21956a6207713812864b865c6c61a"}
,"/Users/ma/Desktop/emad/Paacks/Paack/src/components/common/PaackDeliveryItem/style.js": {"path":"/Users/ma/Desktop/emad/Paacks/Paack/src/components/common/PaackDeliveryItem/style.js","statementMap":{"0":{"start":{"line":5,"column":22},"end":{"line":35,"column":1}}},"fnMap":{},"branchMap":{},"s":{"0":6},"f":{},"b":{},"_coverageSchema":"1a1c01bbd47fc00a2c39e90264f33305004495a9","hash":"f3b3635fa86a80f267935867db609432b4ff573f"}
,"/Users/ma/Desktop/emad/Paacks/Paack/src/components/common/PaackHeader/index.js": {"path":"/Users/ma/Desktop/emad/Paacks/Paack/src/components/common/PaackHeader/index.js","statementMap":{"0":{"start":{"line":9,"column":20},"end":{"line":31,"column":1}},"1":{"start":{"line":11,"column":20},"end":{"line":11,"column":25}},"2":{"start":{"line":13,"column":4},"end":{"line":30,"column":5}},"3":{"start":{"line":36,"column":0},"end":{"line":41,"column":1}}},"fnMap":{"0":{"name":"(anonymous_0)","decl":{"start":{"line":9,"column":20},"end":{"line":9,"column":21}},"loc":{"start":{"line":9,"column":31},"end":{"line":31,"column":1}},"line":9}},"branchMap":{},"s":{"0":6,"1":4,"2":4,"3":6},"f":{"0":4},"b":{},"_coverageSchema":"1a1c01bbd47fc00a2c39e90264f33305004495a9","hash":"0642f82baf1b61c78d14abe74115c1bc33e6adee"}
,"/Users/ma/Desktop/emad/Paacks/Paack/src/components/common/PaackHeader/style.js": {"path":"/Users/ma/Desktop/emad/Paacks/Paack/src/components/common/PaackHeader/style.js","statementMap":{"0":{"start":{"line":5,"column":22},"end":{"line":27,"column":1}}},"fnMap":{},"branchMap":{},"s":{"0":6},"f":{},"b":{},"_coverageSchema":"1a1c01bbd47fc00a2c39e90264f33305004495a9","hash":"0afec0d87a44a4a8e324641a8cd1c97cc3fbf0cc"}
,"/Users/ma/Desktop/emad/Paacks/Paack/src/components/common/PaackList/index.js": {"path":"/Users/ma/Desktop/emad/Paacks/Paack/src/components/common/PaackList/index.js","statementMap":{"0":{"start":{"line":5,"column":18},"end":{"line":20,"column":1}},"1":{"start":{"line":7,"column":2},"end":{"line":19,"column":4}},"2":{"start":{"line":14,"column":33},"end":{"line":14,"column":60}},"3":{"start":{"line":15,"column":37},"end":{"line":15,"column":53}},"4":{"start":{"line":24,"column":0},"end":{"line":45,"column":2}}},"fnMap":{"0":{"name":"(anonymous_0)","decl":{"start":{"line":5,"column":18},"end":{"line":5,"column":19}},"loc":{"start":{"line":5,"column":29},"end":{"line":20,"column":1}},"line":5},"1":{"name":"(anonymous_1)","decl":{"start":{"line":14,"column":18},"end":{"line":14,"column":19}},"loc":{"start":{"line":14,"column":33},"end":{"line":14,"column":60}},"line":14},"2":{"name":"(anonymous_2)","decl":{"start":{"line":15,"column":20},"end":{"line":15,"column":21}},"loc":{"start":{"line":15,"column":37},"end":{"line":15,"column":53}},"line":15}},"branchMap":{},"s":{"0":6,"1":2,"2":0,"3":0,"4":6},"f":{"0":2,"1":0,"2":0},"b":{},"_coverageSchema":"1a1c01bbd47fc00a2c39e90264f33305004495a9","hash":"6bd678de68c4110ba908a624b70b702dc83be36a"}
,"/Users/ma/Desktop/emad/Paacks/Paack/src/components/common/PaackText/index.js": {"path":"/Users/ma/Desktop/emad/Paacks/Paack/src/components/common/PaackText/index.js","statementMap":{"0":{"start":{"line":7,"column":19},"end":{"line":19,"column":1}},"1":{"start":{"line":8,"column":2},"end":{"line":18,"column":4}},"2":{"start":{"line":21,"column":15},"end":{"line":25,"column":1}},"3":{"start":{"line":29,"column":0},"end":{"line":35,"column":2}}},"fnMap":{"0":{"name":"(anonymous_0)","decl":{"start":{"line":7,"column":19},"end":{"line":7,"column":20}},"loc":{"start":{"line":7,"column":30},"end":{"line":19,"column":1}},"line":7}},"branchMap":{"0":{"loc":{"start":{"line":11,"column":58},"end":{"line":11,"column":98}},"type":"cond-expr","locations":[{"start":{"line":11,"column":84},"end":{"line":11,"column":90}},{"start":{"line":11,"column":93},"end":{"line":11,"column":98}}],"line":11},"1":{"loc":{"start":{"line":11,"column":126},"end":{"line":11,"column":160}},"type":"cond-expr","locations":[{"start":{"line":11,"column":143},"end":{"line":11,"column":157}},{"start":{"line":11,"column":158},"end":{"line":11,"column":160}}],"line":11}},"s":{"0":8,"1":14,"2":8,"3":8},"f":{"0":14},"b":{"0":[0,14],"1":[13,1]},"_coverageSchema":"1a1c01bbd47fc00a2c39e90264f33305004495a9","hash":"54b7ccca4ac8b13b31a19f9d3cd8cdd0978862e4"}
,"/Users/ma/Desktop/emad/Paacks/Paack/src/components/pages/DeliveryDetails/index.js": {"path":"/Users/ma/Desktop/emad/Paacks/Paack/src/components/pages/DeliveryDetails/index.js","statementMap":{"0":{"start":{"line":11,"column":24},"end":{"line":146,"column":1}},"1":{"start":{"line":12,"column":18},"end":{"line":12,"column":28}},"2":{"start":{"line":13,"column":21},"end":{"line":13,"column":34}},"3":{"start":{"line":14,"column":40},"end":{"line":14,"column":78}},"4":{"start":{"line":14,"column":61},"end":{"line":14,"column":77}},"5":{"start":{"line":15,"column":26},"end":{"line":15,"column":64}},"6":{"start":{"line":15,"column":47},"end":{"line":15,"column":63}},"7":{"start":{"line":16,"column":37},"end":{"line":16,"column":75}},"8":{"start":{"line":16,"column":58},"end":{"line":16,"column":74}},"9":{"start":{"line":17,"column":22},"end":{"line":17,"column":60}},"10":{"start":{"line":17,"column":43},"end":{"line":17,"column":59}},"11":{"start":{"line":18,"column":56},"end":{"line":18,"column":70}},"12":{"start":{"line":20,"column":38},"end":{"line":20,"column":53}},"13":{"start":{"line":21,"column":30},"end":{"line":21,"column":42}},"14":{"start":{"line":29,"column":29},"end":{"line":39,"column":5}},"15":{"start":{"line":30,"column":32},"end":{"line":35,"column":9}},"16":{"start":{"line":36,"column":8},"end":{"line":36,"column":56}},"17":{"start":{"line":37,"column":8},"end":{"line":37,"column":27}},"18":{"start":{"line":38,"column":8},"end":{"line":38,"column":36}},"19":{"start":{"line":46,"column":27},"end":{"line":49,"column":5}},"20":{"start":{"line":47,"column":8},"end":{"line":47,"column":54}},"21":{"start":{"line":48,"column":8},"end":{"line":48,"column":26}},"22":{"start":{"line":56,"column":4},"end":{"line":67,"column":33}},"23":{"start":{"line":57,"column":8},"end":{"line":66,"column":9}},"24":{"start":{"line":58,"column":12},"end":{"line":58,"column":39}},"25":{"start":{"line":60,"column":13},"end":{"line":66,"column":9}},"26":{"start":{"line":61,"column":12},"end":{"line":61,"column":30}},"27":{"start":{"line":62,"column":12},"end":{"line":62,"column":39}},"28":{"start":{"line":65,"column":12},"end":{"line":65,"column":40}},"29":{"start":{"line":75,"column":4},"end":{"line":84,"column":30}},"30":{"start":{"line":76,"column":8},"end":{"line":79,"column":9}},"31":{"start":{"line":77,"column":12},"end":{"line":77,"column":31}},"32":{"start":{"line":78,"column":12},"end":{"line":78,"column":40}},"33":{"start":{"line":80,"column":8},"end":{"line":82,"column":9}},"34":{"start":{"line":81,"column":12},"end":{"line":81,"column":50}},"35":{"start":{"line":90,"column":4},"end":{"line":98,"column":15}},"36":{"start":{"line":91,"column":8},"end":{"line":94,"column":9}},"37":{"start":{"line":92,"column":12},"end":{"line":92,"column":30}},"38":{"start":{"line":93,"column":12},"end":{"line":93,"column":39}},"39":{"start":{"line":95,"column":8},"end":{"line":97,"column":9}},"40":{"start":{"line":96,"column":12},"end":{"line":96,"column":49}},"41":{"start":{"line":101,"column":4},"end":{"line":144,"column":5}},"42":{"start":{"line":127,"column":56},"end":{"line":127,"column":85}},"43":{"start":{"line":129,"column":56},"end":{"line":129,"column":87}},"44":{"start":{"line":150,"column":0},"end":{"line":155,"column":1}}},"fnMap":{"0":{"name":"(anonymous_0)","decl":{"start":{"line":11,"column":24},"end":{"line":11,"column":25}},"loc":{"start":{"line":11,"column":35},"end":{"line":146,"column":1}},"line":11},"1":{"name":"(anonymous_1)","decl":{"start":{"line":14,"column":52},"end":{"line":14,"column":53}},"loc":{"start":{"line":14,"column":61},"end":{"line":14,"column":77}},"line":14},"2":{"name":"(anonymous_2)","decl":{"start":{"line":15,"column":38},"end":{"line":15,"column":39}},"loc":{"start":{"line":15,"column":47},"end":{"line":15,"column":63}},"line":15},"3":{"name":"(anonymous_3)","decl":{"start":{"line":16,"column":49},"end":{"line":16,"column":50}},"loc":{"start":{"line":16,"column":58},"end":{"line":16,"column":74}},"line":16},"4":{"name":"(anonymous_4)","decl":{"start":{"line":17,"column":34},"end":{"line":17,"column":35}},"loc":{"start":{"line":17,"column":43},"end":{"line":17,"column":59}},"line":17},"5":{"name":"(anonymous_5)","decl":{"start":{"line":29,"column":29},"end":{"line":29,"column":30}},"loc":{"start":{"line":29,"column":39},"end":{"line":39,"column":5}},"line":29},"6":{"name":"(anonymous_6)","decl":{"start":{"line":46,"column":27},"end":{"line":46,"column":28}},"loc":{"start":{"line":46,"column":33},"end":{"line":49,"column":5}},"line":46},"7":{"name":"(anonymous_7)","decl":{"start":{"line":56,"column":14},"end":{"line":56,"column":15}},"loc":{"start":{"line":56,"column":20},"end":{"line":67,"column":5}},"line":56},"8":{"name":"(anonymous_8)","decl":{"start":{"line":75,"column":14},"end":{"line":75,"column":15}},"loc":{"start":{"line":75,"column":20},"end":{"line":84,"column":5}},"line":75},"9":{"name":"(anonymous_9)","decl":{"start":{"line":80,"column":15},"end":{"line":80,"column":16}},"loc":{"start":{"line":80,"column":21},"end":{"line":82,"column":9}},"line":80},"10":{"name":"(anonymous_10)","decl":{"start":{"line":90,"column":14},"end":{"line":90,"column":15}},"loc":{"start":{"line":90,"column":20},"end":{"line":98,"column":5}},"line":90},"11":{"name":"(anonymous_11)","decl":{"start":{"line":95,"column":15},"end":{"line":95,"column":16}},"loc":{"start":{"line":95,"column":21},"end":{"line":97,"column":9}},"line":95},"12":{"name":"(anonymous_12)","decl":{"start":{"line":127,"column":50},"end":{"line":127,"column":51}},"loc":{"start":{"line":127,"column":56},"end":{"line":127,"column":85}},"line":127},"13":{"name":"(anonymous_13)","decl":{"start":{"line":129,"column":50},"end":{"line":129,"column":51}},"loc":{"start":{"line":129,"column":56},"end":{"line":129,"column":87}},"line":129}},"branchMap":{"0":{"loc":{"start":{"line":57,"column":8},"end":{"line":66,"column":9}},"type":"if","locations":[{"start":{"line":57,"column":8},"end":{"line":66,"column":9}},{"start":{"line":60,"column":13},"end":{"line":66,"column":9}}],"line":57},"1":{"loc":{"start":{"line":60,"column":13},"end":{"line":66,"column":9}},"type":"if","locations":[{"start":{"line":60,"column":13},"end":{"line":66,"column":9}},{"start":{"line":64,"column":13},"end":{"line":66,"column":9}}],"line":60},"2":{"loc":{"start":{"line":76,"column":8},"end":{"line":79,"column":9}},"type":"if","locations":[{"start":{"line":76,"column":8},"end":{"line":79,"column":9}},{"start":{},"end":{}}],"line":76},"3":{"loc":{"start":{"line":91,"column":8},"end":{"line":94,"column":9}},"type":"if","locations":[{"start":{"line":91,"column":8},"end":{"line":94,"column":9}},{"start":{},"end":{}}],"line":91},"4":{"loc":{"start":{"line":109,"column":13},"end":{"line":140,"column":19}},"type":"binary-expr","locations":[{"start":{"line":109,"column":13},"end":{"line":109,"column":31}},{"start":{"line":111,"column":16},"end":{"line":140,"column":19}}],"line":109},"5":{"loc":{"start":{"line":113,"column":21},"end":{"line":119,"column":31}},"type":"binary-expr","locations":[{"start":{"line":113,"column":21},"end":{"line":113,"column":31}},{"start":{"line":113,"column":35},"end":{"line":113,"column":45}},{"start":{"line":115,"column":24},"end":{"line":119,"column":31}}],"line":113},"6":{"loc":{"start":{"line":123,"column":21},"end":{"line":131,"column":31}},"type":"binary-expr","locations":[{"start":{"line":123,"column":21},"end":{"line":123,"column":30}},{"start":{"line":123,"column":34},"end":{"line":123,"column":44}},{"start":{"line":125,"column":24},"end":{"line":131,"column":31}}],"line":123},"7":{"loc":{"start":{"line":134,"column":21},"end":{"line":137,"column":31}},"type":"binary-expr","locations":[{"start":{"line":134,"column":21},"end":{"line":134,"column":30}},{"start":{"line":135,"column":24},"end":{"line":137,"column":31}}],"line":134}},"s":{"0":2,"1":2,"2":1,"3":1,"4":1,"5":1,"6":1,"7":1,"8":1,"9":1,"10":1,"11":1,"12":1,"13":1,"14":1,"15":0,"16":0,"17":0,"18":0,"19":1,"20":0,"21":0,"22":1,"23":1,"24":1,"25":0,"26":0,"27":0,"28":0,"29":1,"30":1,"31":0,"32":0,"33":1,"34":1,"35":1,"36":1,"37":0,"38":0,"39":1,"40":1,"41":1,"42":0,"43":0,"44":2},"f":{"0":2,"1":1,"2":1,"3":1,"4":1,"5":0,"6":0,"7":1,"8":1,"9":1,"10":1,"11":1,"12":0,"13":0},"b":{"0":[1,0],"1":[0,0],"2":[0,1],"3":[0,1],"4":[1,1],"5":[1,1,1],"6":[1,0,0],"7":[1,0]},"_coverageSchema":"1a1c01bbd47fc00a2c39e90264f33305004495a9","hash":"119fe6a31c203c3a2a113b502109f331f036c7e8"}
,"/Users/ma/Desktop/emad/Paacks/Paack/src/components/pages/DeliveryDetails/style.js": {"path":"/Users/ma/Desktop/emad/Paacks/Paack/src/components/pages/DeliveryDetails/style.js","statementMap":{"0":{"start":{"line":5,"column":22},"end":{"line":60,"column":1}}},"fnMap":{},"branchMap":{},"s":{"0":2},"f":{},"b":{},"_coverageSchema":"1a1c01bbd47fc00a2c39e90264f33305004495a9","hash":"86f6e1e62d2f4048a2c92dcb688e319c846bd157"}
,"/Users/ma/Desktop/emad/Paacks/Paack/src/components/pages/Home/index.js": {"path":"/Users/ma/Desktop/emad/Paacks/Paack/src/components/pages/Home/index.js","statementMap":{"0":{"start":{"line":10,"column":14},"end":{"line":63,"column":1}},"1":{"start":{"line":11,"column":21},"end":{"line":11,"column":34}},"2":{"start":{"line":12,"column":27},"end":{"line":12,"column":65}},"3":{"start":{"line":12,"column":48},"end":{"line":12,"column":64}},"4":{"start":{"line":13,"column":26},"end":{"line":13,"column":64}},"5":{"start":{"line":13,"column":47},"end":{"line":13,"column":63}},"6":{"start":{"line":19,"column":4},"end":{"line":21,"column":10}},"7":{"start":{"line":20,"column":8},"end":{"line":20,"column":40}},"8":{"start":{"line":30,"column":23},"end":{"line":36,"column":5}},"9":{"start":{"line":31,"column":8},"end":{"line":35,"column":9}},"10":{"start":{"line":38,"column":4},"end":{"line":61,"column":5}},"11":{"start":{"line":67,"column":0},"end":{"line":68,"column":1}}},"fnMap":{"0":{"name":"(anonymous_0)","decl":{"start":{"line":10,"column":14},"end":{"line":10,"column":15}},"loc":{"start":{"line":10,"column":20},"end":{"line":63,"column":1}},"line":10},"1":{"name":"(anonymous_1)","decl":{"start":{"line":12,"column":39},"end":{"line":12,"column":40}},"loc":{"start":{"line":12,"column":48},"end":{"line":12,"column":64}},"line":12},"2":{"name":"(anonymous_2)","decl":{"start":{"line":13,"column":38},"end":{"line":13,"column":39}},"loc":{"start":{"line":13,"column":47},"end":{"line":13,"column":63}},"line":13},"3":{"name":"(anonymous_3)","decl":{"start":{"line":19,"column":14},"end":{"line":19,"column":15}},"loc":{"start":{"line":19,"column":20},"end":{"line":21,"column":5}},"line":19},"4":{"name":"(anonymous_4)","decl":{"start":{"line":30,"column":23},"end":{"line":30,"column":24}},"loc":{"start":{"line":30,"column":40},"end":{"line":36,"column":5}},"line":30}},"branchMap":{"0":{"loc":{"start":{"line":44,"column":13},"end":{"line":50,"column":18}},"type":"binary-expr","locations":[{"start":{"line":44,"column":13},"end":{"line":44,"column":23}},{"start":{"line":45,"column":16},"end":{"line":50,"column":18}}],"line":44},"1":{"loc":{"start":{"line":53,"column":13},"end":{"line":56,"column":23}},"type":"binary-expr","locations":[{"start":{"line":53,"column":13},"end":{"line":53,"column":22}},{"start":{"line":54,"column":16},"end":{"line":56,"column":23}}],"line":53}},"s":{"0":2,"1":3,"2":3,"3":4,"4":3,"5":4,"6":3,"7":2,"8":3,"9":0,"10":3,"11":2},"f":{"0":3,"1":4,"2":4,"3":2,"4":0},"b":{"0":[3,2],"1":[3,1]},"_coverageSchema":"1a1c01bbd47fc00a2c39e90264f33305004495a9","hash":"e74542bb77913be9bedf528620eab0b0e9b1d083"}
,"/Users/ma/Desktop/emad/Paacks/Paack/src/components/pages/Home/style.js": {"path":"/Users/ma/Desktop/emad/Paacks/Paack/src/components/pages/Home/style.js","statementMap":{"0":{"start":{"line":5,"column":22},"end":{"line":22,"column":1}}},"fnMap":{},"branchMap":{},"s":{"0":2},"f":{},"b":{},"_coverageSchema":"1a1c01bbd47fc00a2c39e90264f33305004495a9","hash":"be5212694ef758853079020fd24afa533c9313a3"}
,"/Users/ma/Desktop/emad/Paacks/Paack/src/components/partials/Navigation.js": {"path":"/Users/ma/Desktop/emad/Paacks/Paack/src/components/partials/Navigation.js","statementMap":{"0":{"start":{"line":9,"column":18},"end":{"line":9,"column":46}},"1":{"start":{"line":12,"column":27},"end":{"line":47,"column":1}},"2":{"start":{"line":14,"column":20},"end":{"line":14,"column":58}},"3":{"start":{"line":14,"column":41},"end":{"line":14,"column":57}},"4":{"start":{"line":23,"column":2},"end":{"line":27,"column":13}},"5":{"start":{"line":24,"column":4},"end":{"line":26,"column":5}},"6":{"start":{"line":25,"column":6},"end":{"line":25,"column":36}},"7":{"start":{"line":29,"column":2},"end":{"line":46,"column":4}},"8":{"start":{"line":34,"column":45},"end":{"line":36,"column":9}},"9":{"start":{"line":41,"column":45},"end":{"line":43,"column":9}}},"fnMap":{"0":{"name":"(anonymous_0)","decl":{"start":{"line":12,"column":27},"end":{"line":12,"column":28}},"loc":{"start":{"line":12,"column":33},"end":{"line":47,"column":1}},"line":12},"1":{"name":"(anonymous_1)","decl":{"start":{"line":14,"column":32},"end":{"line":14,"column":33}},"loc":{"start":{"line":14,"column":41},"end":{"line":14,"column":57}},"line":14},"2":{"name":"(anonymous_2)","decl":{"start":{"line":23,"column":12},"end":{"line":23,"column":13}},"loc":{"start":{"line":23,"column":18},"end":{"line":27,"column":3}},"line":23},"3":{"name":"(anonymous_3)","decl":{"start":{"line":34,"column":17},"end":{"line":34,"column":18}},"loc":{"start":{"line":34,"column":45},"end":{"line":36,"column":9}},"line":34},"4":{"name":"(anonymous_4)","decl":{"start":{"line":41,"column":17},"end":{"line":41,"column":18}},"loc":{"start":{"line":41,"column":45},"end":{"line":43,"column":9}},"line":41}},"branchMap":{"0":{"loc":{"start":{"line":24,"column":4},"end":{"line":26,"column":5}},"type":"if","locations":[{"start":{"line":24,"column":4},"end":{"line":26,"column":5}},{"start":{},"end":{}}],"line":24}},"s":{"0":1,"1":1,"2":2,"3":3,"4":2,"5":1,"6":0,"7":2,"8":2,"9":0},"f":{"0":2,"1":3,"2":1,"3":2,"4":0},"b":{"0":[0,1]},"_coverageSchema":"1a1c01bbd47fc00a2c39e90264f33305004495a9","hash":"78a9769941e57d29819284955bda8e69d4a0825d"}
,"/Users/ma/Desktop/emad/Paacks/Paack/src/helpers/DimensionHelper.js": {"path":"/Users/ma/Desktop/emad/Paacks/Paack/src/helpers/DimensionHelper.js","statementMap":{"0":{"start":{"line":7,"column":14},"end":{"line":7,"column":17}},"1":{"start":{"line":8,"column":15},"end":{"line":8,"column":18}},"2":{"start":{"line":17,"column":18},"end":{"line":19,"column":1}},"3":{"start":{"line":18,"column":2},"end":{"line":18,"column":48}},"4":{"start":{"line":28,"column":18},"end":{"line":30,"column":1}},"5":{"start":{"line":29,"column":2},"end":{"line":29,"column":49}}},"fnMap":{"0":{"name":"(anonymous_0)","decl":{"start":{"line":17,"column":18},"end":{"line":17,"column":19}},"loc":{"start":{"line":17,"column":33},"end":{"line":19,"column":1}},"line":17},"1":{"name":"(anonymous_1)","decl":{"start":{"line":28,"column":18},"end":{"line":28,"column":19}},"loc":{"start":{"line":28,"column":33},"end":{"line":30,"column":1}},"line":28}},"branchMap":{},"s":{"0":9,"1":9,"2":9,"3":101,"4":9,"5":92},"f":{"0":101,"1":92},"b":{},"_coverageSchema":"1a1c01bbd47fc00a2c39e90264f33305004495a9","hash":"3956e3153f4f7e8d7af6d874a7bcce94eeb354b0"}
,"/Users/ma/Desktop/emad/Paacks/Paack/src/helpers/api.js": {"path":"/Users/ma/Desktop/emad/Paacks/Paack/src/helpers/api.js","statementMap":{"0":{"start":{"line":7,"column":17},"end":{"line":13,"column":1}},"1":{"start":{"line":8,"column":16},"end":{"line":8,"column":45}},"2":{"start":{"line":9,"column":2},"end":{"line":11,"column":3}},"3":{"start":{"line":10,"column":4},"end":{"line":10,"column":17}},"4":{"start":{"line":12,"column":2},"end":{"line":12,"column":12}},"5":{"start":{"line":15,"column":0},"end":{"line":35,"column":2}},"6":{"start":{"line":30,"column":4},"end":{"line":30,"column":56}},"7":{"start":{"line":32,"column":4},"end":{"line":32,"column":18}},"8":{"start":{"line":34,"column":11},"end":{"line":34,"column":30}},"9":{"start":{"line":37,"column":0},"end":{"line":58,"column":2}},"10":{"start":{"line":38,"column":11},"end":{"line":38,"column":14}},"11":{"start":{"line":40,"column":18},"end":{"line":40,"column":20}},"12":{"start":{"line":41,"column":4},"end":{"line":41,"column":39}},"13":{"start":{"line":42,"column":4},"end":{"line":47,"column":5}},"14":{"start":{"line":43,"column":6},"end":{"line":43,"column":29}},"15":{"start":{"line":46,"column":6},"end":{"line":46,"column":32}},"16":{"start":{"line":56,"column":4},"end":{"line":56,"column":40}},"17":{"start":{"line":66,"column":23},"end":{"line":76,"column":1}},"18":{"start":{"line":68,"column":14},"end":{"line":73,"column":4}},"19":{"start":{"line":75,"column":2},"end":{"line":75,"column":13}}},"fnMap":{"0":{"name":"(anonymous_0)","decl":{"start":{"line":7,"column":17},"end":{"line":7,"column":18}},"loc":{"start":{"line":7,"column":23},"end":{"line":13,"column":1}},"line":7},"1":{"name":"(anonymous_1)","decl":{"start":{"line":16,"column":2},"end":{"line":16,"column":3}},"loc":{"start":{"line":16,"column":14},"end":{"line":33,"column":3}},"line":16},"2":{"name":"(anonymous_2)","decl":{"start":{"line":34,"column":2},"end":{"line":34,"column":3}},"loc":{"start":{"line":34,"column":11},"end":{"line":34,"column":30}},"line":34},"3":{"name":"(anonymous_3)","decl":{"start":{"line":38,"column":2},"end":{"line":38,"column":3}},"loc":{"start":{"line":38,"column":11},"end":{"line":38,"column":14}},"line":38},"4":{"name":"(anonymous_4)","decl":{"start":{"line":39,"column":2},"end":{"line":39,"column":3}},"loc":{"start":{"line":39,"column":11},"end":{"line":57,"column":3}},"line":39},"5":{"name":"(anonymous_5)","decl":{"start":{"line":66,"column":23},"end":{"line":66,"column":24}},"loc":{"start":{"line":66,"column":61},"end":{"line":76,"column":1}},"line":66}},"branchMap":{"0":{"loc":{"start":{"line":9,"column":2},"end":{"line":11,"column":3}},"type":"if","locations":[{"start":{"line":9,"column":2},"end":{"line":11,"column":3}},{"start":{},"end":{}}],"line":9},"1":{"loc":{"start":{"line":42,"column":4},"end":{"line":47,"column":5}},"type":"if","locations":[{"start":{"line":42,"column":4},"end":{"line":47,"column":5}},{"start":{"line":45,"column":9},"end":{"line":47,"column":5}}],"line":42}},"s":{"0":1,"1":0,"2":0,"3":0,"4":0,"5":1,"6":1,"7":1,"8":0,"9":1,"10":0,"11":0,"12":0,"13":0,"14":0,"15":0,"16":0,"17":1,"18":1,"19":0},"f":{"0":0,"1":1,"2":0,"3":0,"4":0,"5":1},"b":{"0":[0,0],"1":[0,0]},"_coverageSchema":"1a1c01bbd47fc00a2c39e90264f33305004495a9","hash":"e78846e32606f210688dd47270df1bf6af91be1f"}
,"/Users/ma/Desktop/emad/Paacks/Paack/src/store/actionTypes.js": {"path":"/Users/ma/Desktop/emad/Paacks/Paack/src/store/actionTypes.js","statementMap":{"0":{"start":{"line":2,"column":26},"end":{"line":2,"column":38}},"1":{"start":{"line":3,"column":26},"end":{"line":3,"column":38}},"2":{"start":{"line":6,"column":40},"end":{"line":6,"column":66}},"3":{"start":{"line":7,"column":40},"end":{"line":7,"column":66}},"4":{"start":{"line":8,"column":40},"end":{"line":8,"column":66}},"5":{"start":{"line":13,"column":39},"end":{"line":13,"column":64}},"6":{"start":{"line":14,"column":39},"end":{"line":14,"column":64}},"7":{"start":{"line":15,"column":39},"end":{"line":15,"column":64}},"8":{"start":{"line":19,"column":33},"end":{"line":19,"column":52}},"9":{"start":{"line":20,"column":35},"end":{"line":20,"column":56}},"10":{"start":{"line":22,"column":45},"end":{"line":22,"column":76}},"11":{"start":{"line":23,"column":44},"end":{"line":23,"column":74}}},"fnMap":{},"branchMap":{},"s":{"0":3,"1":3,"2":3,"3":3,"4":3,"5":3,"6":3,"7":3,"8":3,"9":3,"10":3,"11":3},"f":{},"b":{},"_coverageSchema":"1a1c01bbd47fc00a2c39e90264f33305004495a9","hash":"da60ea6f5450f6bc64a0caadc5438ec9cb5ee593"}
,"/Users/ma/Desktop/emad/Paacks/Paack/src/store/index.js": {"path":"/Users/ma/Desktop/emad/Paacks/Paack/src/store/index.js","statementMap":{"0":{"start":{"line":7,"column":23},"end":{"line":7,"column":45}},"1":{"start":{"line":9,"column":25},"end":{"line":9,"column":79}},"2":{"start":{"line":11,"column":14},"end":{"line":14,"column":1}},"3":{"start":{"line":16,"column":0},"end":{"line":16,"column":26}}},"fnMap":{},"branchMap":{"0":{"loc":{"start":{"line":9,"column":25},"end":{"line":9,"column":79}},"type":"binary-expr","locations":[{"start":{"line":9,"column":25},"end":{"line":9,"column":68}},{"start":{"line":9,"column":72},"end":{"line":9,"column":79}}],"line":9}},"s":{"0":1,"1":1,"2":1,"3":1},"f":{},"b":{"0":[1,1]},"_coverageSchema":"1a1c01bbd47fc00a2c39e90264f33305004495a9","hash":"a51ac6101627e655dd24a45a70cc8ac7fc930f1c"}
,"/Users/ma/Desktop/emad/Paacks/Paack/src/store/actions/deliveries.js": {"path":"/Users/ma/Desktop/emad/Paacks/Paack/src/store/actions/deliveries.js","statementMap":{"0":{"start":{"line":4,"column":36},"end":{"line":7,"column":2}},"1":{"start":{"line":4,"column":50},"end":{"line":7,"column":1}},"2":{"start":{"line":9,"column":38},"end":{"line":12,"column":2}},"3":{"start":{"line":9,"column":52},"end":{"line":12,"column":1}},"4":{"start":{"line":14,"column":38},"end":{"line":17,"column":2}},"5":{"start":{"line":14,"column":52},"end":{"line":17,"column":1}},"6":{"start":{"line":20,"column":35},"end":{"line":23,"column":2}},"7":{"start":{"line":20,"column":49},"end":{"line":23,"column":1}},"8":{"start":{"line":25,"column":37},"end":{"line":28,"column":2}},"9":{"start":{"line":25,"column":51},"end":{"line":28,"column":1}},"10":{"start":{"line":30,"column":37},"end":{"line":33,"column":2}},"11":{"start":{"line":30,"column":51},"end":{"line":33,"column":1}},"12":{"start":{"line":36,"column":34},"end":{"line":39,"column":2}},"13":{"start":{"line":36,"column":48},"end":{"line":39,"column":1}},"14":{"start":{"line":41,"column":36},"end":{"line":44,"column":2}},"15":{"start":{"line":41,"column":50},"end":{"line":44,"column":1}},"16":{"start":{"line":48,"column":42},"end":{"line":51,"column":2}},"17":{"start":{"line":48,"column":56},"end":{"line":51,"column":1}},"18":{"start":{"line":53,"column":41},"end":{"line":56,"column":2}},"19":{"start":{"line":53,"column":55},"end":{"line":56,"column":1}}},"fnMap":{"0":{"name":"(anonymous_0)","decl":{"start":{"line":4,"column":36},"end":{"line":4,"column":37}},"loc":{"start":{"line":4,"column":50},"end":{"line":7,"column":1}},"line":4},"1":{"name":"(anonymous_1)","decl":{"start":{"line":9,"column":38},"end":{"line":9,"column":39}},"loc":{"start":{"line":9,"column":52},"end":{"line":12,"column":1}},"line":9},"2":{"name":"(anonymous_2)","decl":{"start":{"line":14,"column":38},"end":{"line":14,"column":39}},"loc":{"start":{"line":14,"column":52},"end":{"line":17,"column":1}},"line":14},"3":{"name":"(anonymous_3)","decl":{"start":{"line":20,"column":35},"end":{"line":20,"column":36}},"loc":{"start":{"line":20,"column":49},"end":{"line":23,"column":1}},"line":20},"4":{"name":"(anonymous_4)","decl":{"start":{"line":25,"column":37},"end":{"line":25,"column":38}},"loc":{"start":{"line":25,"column":51},"end":{"line":28,"column":1}},"line":25},"5":{"name":"(anonymous_5)","decl":{"start":{"line":30,"column":37},"end":{"line":30,"column":38}},"loc":{"start":{"line":30,"column":51},"end":{"line":33,"column":1}},"line":30},"6":{"name":"(anonymous_6)","decl":{"start":{"line":36,"column":34},"end":{"line":36,"column":35}},"loc":{"start":{"line":36,"column":48},"end":{"line":39,"column":1}},"line":36},"7":{"name":"(anonymous_7)","decl":{"start":{"line":41,"column":36},"end":{"line":41,"column":37}},"loc":{"start":{"line":41,"column":50},"end":{"line":44,"column":1}},"line":41},"8":{"name":"(anonymous_8)","decl":{"start":{"line":48,"column":42},"end":{"line":48,"column":43}},"loc":{"start":{"line":48,"column":56},"end":{"line":51,"column":1}},"line":48},"9":{"name":"(anonymous_9)","decl":{"start":{"line":53,"column":41},"end":{"line":53,"column":42}},"loc":{"start":{"line":53,"column":55},"end":{"line":56,"column":1}},"line":53}},"branchMap":{},"s":{"0":3,"1":2,"2":3,"3":0,"4":3,"5":0,"6":3,"7":0,"8":3,"9":0,"10":3,"11":0,"12":3,"13":0,"14":3,"15":0,"16":3,"17":1,"18":3,"19":1},"f":{"0":2,"1":0,"2":0,"3":0,"4":0,"5":0,"6":0,"7":0,"8":1,"9":1},"b":{},"_coverageSchema":"1a1c01bbd47fc00a2c39e90264f33305004495a9","hash":"9dde0487b579a0050f7a3ab3c46c74ab37a662e6"}
,"/Users/ma/Desktop/emad/Paacks/Paack/src/store/reducers/deliveries.js": {"path":"/Users/ma/Desktop/emad/Paacks/Paack/src/store/reducers/deliveries.js","statementMap":{"0":{"start":{"line":2,"column":33},"end":{"line":2,"column":52}},"1":{"start":{"line":3,"column":35},"end":{"line":3,"column":56}},"2":{"start":{"line":5,"column":21},"end":{"line":11,"column":1}},"3":{"start":{"line":13,"column":19},"end":{"line":123,"column":1}},"4":{"start":{"line":14,"column":4},"end":{"line":122,"column":5}},"5":{"start":{"line":18,"column":12},"end":{"line":22,"column":14}},"6":{"start":{"line":24,"column":12},"end":{"line":34,"column":14}},"7":{"start":{"line":27,"column":34},"end":{"line":30,"column":21}},"8":{"start":{"line":31,"column":20},"end":{"line":31,"column":34}},"9":{"start":{"line":36,"column":12},"end":{"line":40,"column":14}},"10":{"start":{"line":44,"column":12},"end":{"line":48,"column":14}},"11":{"start":{"line":50,"column":12},"end":{"line":66,"column":14}},"12":{"start":{"line":54,"column":20},"end":{"line":56,"column":21}},"13":{"start":{"line":55,"column":24},"end":{"line":55,"column":35}},"14":{"start":{"line":58,"column":34},"end":{"line":61,"column":21}},"15":{"start":{"line":62,"column":20},"end":{"line":62,"column":34}},"16":{"start":{"line":68,"column":12},"end":{"line":72,"column":14}},"17":{"start":{"line":76,"column":12},"end":{"line":92,"column":14}},"18":{"start":{"line":80,"column":20},"end":{"line":89,"column":21}},"19":{"start":{"line":81,"column":38},"end":{"line":84,"column":25}},"20":{"start":{"line":85,"column":24},"end":{"line":85,"column":38}},"21":{"start":{"line":88,"column":24},"end":{"line":88,"column":35}},"22":{"start":{"line":94,"column":12},"end":{"line":96,"column":14}},"23":{"start":{"line":99,"column":12},"end":{"line":102,"column":14}},"24":{"start":{"line":105,"column":12},"end":{"line":117,"column":14}},"25":{"start":{"line":110,"column":34},"end":{"line":113,"column":21}},"26":{"start":{"line":114,"column":20},"end":{"line":114,"column":34}},"27":{"start":{"line":121,"column":12},"end":{"line":121,"column":25}}},"fnMap":{"0":{"name":"(anonymous_0)","decl":{"start":{"line":13,"column":19},"end":{"line":13,"column":20}},"loc":{"start":{"line":13,"column":53},"end":{"line":123,"column":1}},"line":13},"1":{"name":"(anonymous_1)","decl":{"start":{"line":26,"column":47},"end":{"line":26,"column":48}},"loc":{"start":{"line":26,"column":55},"end":{"line":32,"column":17}},"line":26},"2":{"name":"(anonymous_2)","decl":{"start":{"line":53,"column":92},"end":{"line":53,"column":93}},"loc":{"start":{"line":53,"column":100},"end":{"line":57,"column":17}},"line":53},"3":{"name":"(anonymous_3)","decl":{"start":{"line":57,"column":42},"end":{"line":57,"column":43}},"loc":{"start":{"line":57,"column":50},"end":{"line":63,"column":17}},"line":57},"4":{"name":"(anonymous_4)","decl":{"start":{"line":79,"column":49},"end":{"line":79,"column":50}},"loc":{"start":{"line":79,"column":57},"end":{"line":90,"column":17}},"line":79},"5":{"name":"(anonymous_5)","decl":{"start":{"line":109,"column":63},"end":{"line":109,"column":64}},"loc":{"start":{"line":109,"column":71},"end":{"line":115,"column":17}},"line":109}},"branchMap":{"0":{"loc":{"start":{"line":13,"column":20},"end":{"line":13,"column":40}},"type":"default-arg","locations":[{"start":{"line":13,"column":28},"end":{"line":13,"column":40}}],"line":13},"1":{"loc":{"start":{"line":14,"column":4},"end":{"line":122,"column":5}},"type":"switch","locations":[{"start":{"line":17,"column":8},"end":{"line":22,"column":14}},{"start":{"line":23,"column":8},"end":{"line":34,"column":14}},{"start":{"line":35,"column":8},"end":{"line":40,"column":14}},{"start":{"line":43,"column":8},"end":{"line":48,"column":14}},{"start":{"line":49,"column":8},"end":{"line":66,"column":14}},{"start":{"line":67,"column":8},"end":{"line":72,"column":14}},{"start":{"line":75,"column":8},"end":{"line":92,"column":14}},{"start":{"line":93,"column":8},"end":{"line":96,"column":14}},{"start":{"line":98,"column":8},"end":{"line":102,"column":14}},{"start":{"line":104,"column":8},"end":{"line":117,"column":14}},{"start":{"line":120,"column":8},"end":{"line":121,"column":25}}],"line":14},"2":{"loc":{"start":{"line":53,"column":28},"end":{"line":63,"column":18}},"type":"cond-expr","locations":[{"start":{"line":53,"column":68},"end":{"line":57,"column":18}},{"start":{"line":57,"column":21},"end":{"line":63,"column":18}}],"line":53},"3":{"loc":{"start":{"line":54,"column":20},"end":{"line":56,"column":21}},"type":"if","locations":[{"start":{"line":54,"column":20},"end":{"line":56,"column":21}},{"start":{},"end":{}}],"line":54},"4":{"loc":{"start":{"line":80,"column":20},"end":{"line":89,"column":21}},"type":"if","locations":[{"start":{"line":80,"column":20},"end":{"line":89,"column":21}},{"start":{"line":87,"column":25},"end":{"line":89,"column":21}}],"line":80},"5":{"loc":{"start":{"line":107,"column":38},"end":{"line":107,"column":81}},"type":"cond-expr","locations":[{"start":{"line":107,"column":52},"end":{"line":107,"column":54}},{"start":{"line":107,"column":55},"end":{"line":107,"column":81}}],"line":107},"6":{"loc":{"start":{"line":108,"column":41},"end":{"line":108,"column":88}},"type":"cond-expr","locations":[{"start":{"line":108,"column":55},"end":{"line":108,"column":57}},{"start":{"line":108,"column":59},"end":{"line":108,"column":88}}],"line":108},"7":{"loc":{"start":{"line":109,"column":27},"end":{"line":115,"column":37}},"type":"cond-expr","locations":[{"start":{"line":109,"column":42},"end":{"line":115,"column":18}},{"start":{"line":115,"column":21},"end":{"line":115,"column":37}}],"line":109}},"s":{"0":1,"1":1,"2":1,"3":1,"4":4,"5":1,"6":0,"7":0,"8":0,"9":0,"10":0,"11":0,"12":0,"13":0,"14":0,"15":0,"16":0,"17":0,"18":0,"19":0,"20":0,"21":0,"22":0,"23":0,"24":0,"25":0,"26":0,"27":3},"f":{"0":4,"1":0,"2":0,"3":0,"4":0,"5":0},"b":{"0":[3],"1":[1,0,0,0,0,0,0,0,0,0,3],"2":[0,0],"3":[0,0],"4":[0,0],"5":[0,0],"6":[0,0],"7":[0,0]},"_coverageSchema":"1a1c01bbd47fc00a2c39e90264f33305004495a9","hash":"261c9b12c28d37b680b42843a575f02288f1e78d"}
,"/Users/ma/Desktop/emad/Paacks/Paack/src/store/reducers/index.js": {"path":"/Users/ma/Desktop/emad/Paacks/Paack/src/store/reducers/index.js","statementMap":{"0":{"start":{"line":4,"column":20},"end":{"line":6,"column":2}}},"fnMap":{},"branchMap":{},"s":{"0":1},"f":{},"b":{},"_coverageSchema":"1a1c01bbd47fc00a2c39e90264f33305004495a9","hash":"873760300538c334a5fc9f5eea4584aa58d2631a"}
,"/Users/ma/Desktop/emad/Paacks/Paack/src/store/sagas/deliveriesSaga.js": {"path":"/Users/ma/Desktop/emad/Paacks/Paack/src/store/sagas/deliveriesSaga.js","statementMap":{"0":{"start":{"line":11,"column":4},"end":{"line":11,"column":79}},"1":{"start":{"line":19,"column":4},"end":{"line":19,"column":78}},"2":{"start":{"line":32,"column":4},"end":{"line":41,"column":5}},"3":{"start":{"line":33,"column":20},"end":{"line":36,"column":9}},"4":{"start":{"line":37,"column":8},"end":{"line":37,"column":60}},"5":{"start":{"line":40,"column":8},"end":{"line":40,"column":55}},"6":{"start":{"line":52,"column":4},"end":{"line":64,"column":5}},"7":{"start":{"line":53,"column":20},"end":{"line":59,"column":9}},"8":{"start":{"line":60,"column":8},"end":{"line":60,"column":59}},"9":{"start":{"line":63,"column":8},"end":{"line":63,"column":54}},"10":{"start":{"line":71,"column":4},"end":{"line":74,"column":7}}},"fnMap":{"0":{"name":"watchDeliveries","decl":{"start":{"line":10,"column":10},"end":{"line":10,"column":25}},"loc":{"start":{"line":10,"column":28},"end":{"line":12,"column":1}},"line":10},"1":{"name":"watchFinishDelivery","decl":{"start":{"line":18,"column":10},"end":{"line":18,"column":29}},"loc":{"start":{"line":18,"column":32},"end":{"line":20,"column":1}},"line":18},"2":{"name":"getFetchDeliveries","decl":{"start":{"line":31,"column":10},"end":{"line":31,"column":28}},"loc":{"start":{"line":31,"column":31},"end":{"line":42,"column":1}},"line":31},"3":{"name":"postFinishDelivery","decl":{"start":{"line":51,"column":10},"end":{"line":51,"column":28}},"loc":{"start":{"line":51,"column":37},"end":{"line":65,"column":1}},"line":51},"4":{"name":"deliveriesSaga","decl":{"start":{"line":70,"column":25},"end":{"line":70,"column":39}},"loc":{"start":{"line":70,"column":42},"end":{"line":75,"column":1}},"line":70}},"branchMap":{},"s":{"0":1,"1":1,"2":1,"3":1,"4":0,"5":0,"6":0,"7":0,"8":0,"9":0,"10":1},"f":{"0":1,"1":1,"2":1,"3":0,"4":1},"b":{},"_coverageSchema":"1a1c01bbd47fc00a2c39e90264f33305004495a9","hash":"e05877261fb621a64e6a3013a152506a8061de01"}
,"/Users/ma/Desktop/emad/Paacks/Paack/src/store/sagas/index.js": {"path":"/Users/ma/Desktop/emad/Paacks/Paack/src/store/sagas/index.js","statementMap":{"0":{"start":{"line":5,"column":2},"end":{"line":5,"column":36}}},"fnMap":{"0":{"name":"sagas","decl":{"start":{"line":4,"column":25},"end":{"line":4,"column":30}},"loc":{"start":{"line":4,"column":33},"end":{"line":6,"column":1}},"line":4}},"branchMap":{},"s":{"0":1},"f":{"0":1},"b":{},"_coverageSchema":"1a1c01bbd47fc00a2c39e90264f33305004495a9","hash":"420f079e96b43e9a42758f1e828226291b5faa26"}
,"/Users/ma/Desktop/emad/Paacks/Paack/src/theme/Colors.js": {"path":"/Users/ma/Desktop/emad/Paacks/Paack/src/theme/Colors.js","statementMap":{},"fnMap":{},"branchMap":{},"s":{},"f":{},"b":{},"_coverageSchema":"1a1c01bbd47fc00a2c39e90264f33305004495a9","hash":"5fe3272561c17119d862783601daeacb68ec3353"}
,"/Users/ma/Desktop/emad/Paacks/Paack/src/theme/index.js": {"path":"/Users/ma/Desktop/emad/Paacks/Paack/src/theme/index.js","statementMap":{},"fnMap":{},"branchMap":{},"s":{},"f":{},"b":{},"_coverageSchema":"1a1c01bbd47fc00a2c39e90264f33305004495a9","hash":"63defefa3075e8081247f87e3c412ca9f79295bf"}
}
