TN:
SF:App.js
FN:15,(anonymous_0)
FN:17,(anonymous_1)
FNF:2
FNH:2
FNDA:1,(anonymous_0)
FNDA:1,(anonymous_1)
DA:12,1
DA:15,1
DA:17,1
DA:18,1
DA:26,1
DA:40,1
LF:6
LH:6
BRF:0
BRH:0
end_of_record
TN:
SF:src/config.js
FN:8,(anonymous_0)
FNF:1
FNH:1
FNDA:4,(anonymous_0)
DA:5,2
DA:6,2
DA:8,2
DA:10,4
DA:12,4
DA:13,4
DA:15,0
DA:17,4
LF:8
LH:7
BRDA:8,0,0,4
BRDA:10,1,0,4
BRDA:10,1,1,0
BRF:3
BRH:2
end_of_record
TN:
SF:src/components/common/index.js
FNF:0
FNH:0
LF:0
LH:0
BRF:0
BRH:0
end_of_record
TN:
SF:src/components/common/PaackBackbtn/index.js
FN:11,(anonymous_0)
FN:18,(anonymous_1)
FNF:2
FNH:1
FNDA:2,(anonymous_0)
FNDA:0,(anonymous_1)
DA:11,7
DA:12,2
DA:18,2
DA:19,0
DA:22,2
DA:33,7
LF:6
LH:5
BRF:0
BRH:0
end_of_record
TN:
SF:src/components/common/PaackBackbtn/style.js
FNF:0
FNH:0
DA:5,7
LF:1
LH:1
BRF:0
BRH:0
end_of_record
TN:
SF:src/components/common/PaackButton/index.js
FN:6,(anonymous_0)
FNF:1
FNH:1
FNDA:2,(anonymous_0)
DA:6,7
DA:15,2
DA:32,7
LF:3
LH:3
BRF:0
BRH:0
end_of_record
TN:
SF:src/components/common/PaackDeliveryDetailCard/index.js
FN:7,(anonymous_0)
FNF:1
FNH:1
FNDA:2,(anonymous_0)
DA:7,6
DA:10,2
DA:12,1
DA:35,6
LF:4
LH:4
BRF:0
BRH:0
end_of_record
TN:
SF:src/components/common/PaackDeliveryDetailCard/style.js
FNF:0
FNH:0
DA:5,6
LF:1
LH:1
BRF:0
BRH:0
end_of_record
TN:
SF:src/components/common/PaackDeliveryItem/index.js
FN:11,(anonymous_0)
FN:19,(anonymous_1)
FNF:2
FNH:1
FNDA:1,(anonymous_0)
FNDA:0,(anonymous_1)
DA:11,6
DA:12,1
DA:13,1
DA:19,1
DA:20,0
DA:23,1
DA:42,6
LF:7
LH:6
BRDA:24,0,0,1
BRDA:24,0,1,0
BRF:2
BRH:1
end_of_record
TN:
SF:src/components/common/PaackDeliveryItem/style.js
FNF:0
FNH:0
DA:5,6
LF:1
LH:1
BRF:0
BRH:0
end_of_record
TN:
SF:src/components/common/PaackHeader/index.js
FN:9,(anonymous_0)
FNF:1
FNH:1
FNDA:4,(anonymous_0)
DA:9,6
DA:11,4
DA:13,4
DA:36,6
LF:4
LH:4
BRF:0
BRH:0
end_of_record
TN:
SF:src/components/common/PaackHeader/style.js
FNF:0
FNH:0
DA:5,6
LF:1
LH:1
BRF:0
BRH:0
end_of_record
TN:
SF:src/components/common/PaackList/index.js
FN:5,(anonymous_0)
FN:14,(anonymous_1)
FN:15,(anonymous_2)
FNF:3
FNH:1
FNDA:2,(anonymous_0)
FNDA:0,(anonymous_1)
FNDA:0,(anonymous_2)
DA:5,6
DA:7,2
DA:14,0
DA:15,0
DA:24,6
LF:5
LH:3
BRF:0
BRH:0
end_of_record
TN:
SF:src/components/common/PaackText/index.js
FN:7,(anonymous_0)
FNF:1
FNH:1
FNDA:14,(anonymous_0)
DA:7,8
DA:8,14
DA:21,8
DA:29,8
LF:4
LH:4
BRDA:11,0,0,0
BRDA:11,0,1,14
BRDA:11,1,0,13
BRDA:11,1,1,1
BRF:4
BRH:3
end_of_record
TN:
SF:src/components/pages/DeliveryDetails/index.js
FN:11,(anonymous_0)
FN:14,(anonymous_1)
FN:15,(anonymous_2)
FN:16,(anonymous_3)
FN:17,(anonymous_4)
FN:29,(anonymous_5)
FN:46,(anonymous_6)
FN:56,(anonymous_7)
FN:75,(anonymous_8)
FN:80,(anonymous_9)
FN:90,(anonymous_10)
FN:95,(anonymous_11)
FN:127,(anonymous_12)
FN:129,(anonymous_13)
FNF:14
FNH:10
FNDA:2,(anonymous_0)
FNDA:1,(anonymous_1)
FNDA:1,(anonymous_2)
FNDA:1,(anonymous_3)
FNDA:1,(anonymous_4)
FNDA:0,(anonymous_5)
FNDA:0,(anonymous_6)
FNDA:1,(anonymous_7)
FNDA:1,(anonymous_8)
FNDA:1,(anonymous_9)
FNDA:1,(anonymous_10)
FNDA:1,(anonymous_11)
FNDA:0,(anonymous_12)
FNDA:0,(anonymous_13)
DA:11,2
DA:12,2
DA:13,1
DA:14,1
DA:15,1
DA:16,1
DA:17,1
DA:18,1
DA:20,1
DA:21,1
DA:29,1
DA:30,0
DA:36,0
DA:37,0
DA:38,0
DA:46,1
DA:47,0
DA:48,0
DA:56,1
DA:57,1
DA:58,1
DA:60,0
DA:61,0
DA:62,0
DA:65,0
DA:75,1
DA:76,1
DA:77,0
DA:78,0
DA:80,1
DA:81,1
DA:90,1
DA:91,1
DA:92,0
DA:93,0
DA:95,1
DA:96,1
DA:101,1
DA:127,0
DA:129,0
DA:150,2
LF:41
LH:25
BRDA:57,0,0,1
BRDA:57,0,1,0
BRDA:60,1,0,0
BRDA:60,1,1,0
BRDA:76,2,0,0
BRDA:76,2,1,1
BRDA:91,3,0,0
BRDA:91,3,1,1
BRDA:109,4,0,1
BRDA:109,4,1,1
BRDA:113,5,0,1
BRDA:113,5,1,1
BRDA:113,5,2,1
BRDA:123,6,0,1
BRDA:123,6,1,0
BRDA:123,6,2,0
BRDA:134,7,0,1
BRDA:134,7,1,0
BRF:18
BRH:10
end_of_record
TN:
SF:src/components/pages/DeliveryDetails/style.js
FNF:0
FNH:0
DA:5,2
LF:1
LH:1
BRF:0
BRH:0
end_of_record
TN:
SF:src/components/pages/Home/index.js
FN:10,(anonymous_0)
FN:12,(anonymous_1)
FN:13,(anonymous_2)
FN:19,(anonymous_3)
FN:30,(anonymous_4)
FNF:5
FNH:4
FNDA:3,(anonymous_0)
FNDA:4,(anonymous_1)
FNDA:4,(anonymous_2)
FNDA:2,(anonymous_3)
FNDA:0,(anonymous_4)
DA:10,2
DA:11,3
DA:12,4
DA:13,4
DA:19,3
DA:20,2
DA:30,3
DA:31,0
DA:38,3
DA:67,2
LF:10
LH:9
BRDA:44,0,0,3
BRDA:44,0,1,2
BRDA:53,1,0,3
BRDA:53,1,1,1
BRF:4
BRH:4
end_of_record
TN:
SF:src/components/pages/Home/style.js
FNF:0
FNH:0
DA:5,2
LF:1
LH:1
BRF:0
BRH:0
end_of_record
TN:
SF:src/components/partials/Navigation.js
FN:12,(anonymous_0)
FN:14,(anonymous_1)
FN:23,(anonymous_2)
FN:34,(anonymous_3)
FN:41,(anonymous_4)
FNF:5
FNH:4
FNDA:2,(anonymous_0)
FNDA:3,(anonymous_1)
FNDA:1,(anonymous_2)
FNDA:2,(anonymous_3)
FNDA:0,(anonymous_4)
DA:9,1
DA:12,1
DA:14,3
DA:23,2
DA:24,1
DA:25,0
DA:29,2
DA:34,2
DA:41,0
LF:9
LH:7
BRDA:24,0,0,0
BRDA:24,0,1,1
BRF:2
BRH:1
end_of_record
TN:
SF:src/helpers/DimensionHelper.js
FN:17,(anonymous_0)
FN:28,(anonymous_1)
FNF:2
FNH:2
FNDA:101,(anonymous_0)
FNDA:92,(anonymous_1)
DA:7,9
DA:8,9
DA:17,9
DA:18,101
DA:28,9
DA:29,92
LF:6
LH:6
BRF:0
BRH:0
end_of_record
TN:
SF:src/helpers/api.js
FN:7,(anonymous_0)
FN:16,(anonymous_1)
FN:34,(anonymous_2)
FN:38,(anonymous_3)
FN:39,(anonymous_4)
FN:66,(anonymous_5)
FNF:6
FNH:2
FNDA:0,(anonymous_0)
FNDA:1,(anonymous_1)
FNDA:0,(anonymous_2)
FNDA:0,(anonymous_3)
FNDA:0,(anonymous_4)
FNDA:1,(anonymous_5)
DA:7,1
DA:8,0
DA:9,0
DA:10,0
DA:12,0
DA:15,1
DA:30,1
DA:32,1
DA:34,0
DA:37,1
DA:38,0
DA:40,0
DA:41,0
DA:42,0
DA:43,0
DA:46,0
DA:56,0
DA:66,1
DA:68,1
DA:75,0
LF:20
LH:7
BRDA:9,0,0,0
BRDA:9,0,1,0
BRDA:42,1,0,0
BRDA:42,1,1,0
BRF:4
BRH:0
end_of_record
TN:
SF:src/store/actionTypes.js
FNF:0
FNH:0
DA:2,3
DA:3,3
DA:6,3
DA:7,3
DA:8,3
DA:13,3
DA:14,3
DA:15,3
DA:19,3
DA:20,3
DA:22,3
DA:23,3
LF:12
LH:12
BRF:0
BRH:0
end_of_record
TN:
SF:src/store/index.js
FNF:0
FNH:0
DA:7,1
DA:9,1
DA:11,1
DA:16,1
LF:4
LH:4
BRDA:9,0,0,1
BRDA:9,0,1,1
BRF:2
BRH:2
end_of_record
TN:
SF:src/store/actions/deliveries.js
FN:4,(anonymous_0)
FN:9,(anonymous_1)
FN:14,(anonymous_2)
FN:20,(anonymous_3)
FN:25,(anonymous_4)
FN:30,(anonymous_5)
FN:36,(anonymous_6)
FN:41,(anonymous_7)
FN:48,(anonymous_8)
FN:53,(anonymous_9)
FNF:10
FNH:3
FNDA:2,(anonymous_0)
FNDA:0,(anonymous_1)
FNDA:0,(anonymous_2)
FNDA:0,(anonymous_3)
FNDA:0,(anonymous_4)
FNDA:0,(anonymous_5)
FNDA:0,(anonymous_6)
FNDA:0,(anonymous_7)
FNDA:1,(anonymous_8)
FNDA:1,(anonymous_9)
DA:4,3
DA:9,3
DA:14,3
DA:20,3
DA:25,3
DA:30,3
DA:36,3
DA:41,3
DA:48,3
DA:53,3
LF:10
LH:10
BRF:0
BRH:0
end_of_record
TN:
SF:src/store/reducers/deliveries.js
FN:13,(anonymous_0)
FN:26,(anonymous_1)
FN:53,(anonymous_2)
FN:57,(anonymous_3)
FN:79,(anonymous_4)
FN:109,(anonymous_5)
FNF:6
FNH:1
FNDA:4,(anonymous_0)
FNDA:0,(anonymous_1)
FNDA:0,(anonymous_2)
FNDA:0,(anonymous_3)
FNDA:0,(anonymous_4)
FNDA:0,(anonymous_5)
DA:2,1
DA:3,1
DA:5,1
DA:13,1
DA:14,4
DA:18,1
DA:24,0
DA:27,0
DA:31,0
DA:36,0
DA:44,0
DA:50,0
DA:54,0
DA:55,0
DA:58,0
DA:62,0
DA:68,0
DA:76,0
DA:80,0
DA:81,0
DA:85,0
DA:88,0
DA:94,0
DA:99,0
DA:105,0
DA:110,0
DA:114,0
DA:121,3
LF:28
LH:7
BRDA:13,0,0,3
BRDA:14,1,0,1
BRDA:14,1,1,0
BRDA:14,1,2,0
BRDA:14,1,3,0
BRDA:14,1,4,0
BRDA:14,1,5,0
BRDA:14,1,6,0
BRDA:14,1,7,0
BRDA:14,1,8,0
BRDA:14,1,9,0
BRDA:14,1,10,3
BRDA:53,2,0,0
BRDA:53,2,1,0
BRDA:54,3,0,0
BRDA:54,3,1,0
BRDA:80,4,0,0
BRDA:80,4,1,0
BRDA:107,5,0,0
BRDA:107,5,1,0
BRDA:108,6,0,0
BRDA:108,6,1,0
BRDA:109,7,0,0
BRDA:109,7,1,0
BRF:24
BRH:3
end_of_record
TN:
SF:src/store/reducers/index.js
FNF:0
FNH:0
DA:4,1
LF:1
LH:1
BRF:0
BRH:0
end_of_record
TN:
SF:src/store/sagas/deliveriesSaga.js
FN:10,watchDeliveries
FN:18,watchFinishDelivery
FN:31,getFetchDeliveries
FN:51,postFinishDelivery
FN:70,deliveriesSaga
FNF:5
FNH:4
FNDA:1,watchDeliveries
FNDA:1,watchFinishDelivery
FNDA:1,getFetchDeliveries
FNDA:0,postFinishDelivery
FNDA:1,deliveriesSaga
DA:11,1
DA:19,1
DA:32,1
DA:33,1
DA:37,0
DA:40,0
DA:52,0
DA:53,0
DA:60,0
DA:63,0
DA:71,1
LF:11
LH:5
BRF:0
BRH:0
end_of_record
TN:
SF:src/store/sagas/index.js
FN:4,sagas
FNF:1
FNH:1
FNDA:1,sagas
DA:5,1
LF:1
LH:1
BRF:0
BRH:0
end_of_record
TN:
SF:src/theme/Colors.js
FNF:0
FNH:0
LF:0
LH:0
BRF:0
BRH:0
end_of_record
TN:
SF:src/theme/index.js
FNF:0
FNH:0
LF:0
LH:0
BRF:0
BRH:0
end_of_record
